\BOOKMARK [0][-]{abst.0}{\376\377\000A\000b\000s\000t\000r\000a\000c\000t}{}% 1
\BOOKMARK [0][-]{toc.0}{\376\377\000C\000o\000n\000t\000e\000n\000t\000s}{}% 2
\BOOKMARK [0][-]{section*.10}{\376\377\000L\000i\000s\000t\000\040\000o\000f\000\040\000T\000a\000b\000l\000e\000s}{}% 3
\BOOKMARK [0][-]{section*.12}{\376\377\000L\000i\000s\000t\000\040\000o\000f\000\040\000F\000i\000g\000u\000r\000e\000s}{}% 4
\BOOKMARK [0][-]{section*.14}{\376\377\000A\000c\000r\000o\000n\000y\000m\000s}{}% 5
\BOOKMARK [0][-]{section*.16}{\376\377\000T\000h\000e\000s\000i\000s\000\040\000P\000r\000o\000p\000o\000s\000a\000l}{}% 6
\BOOKMARK [0][-]{chapter.1}{\376\377\0001\000\040\000I\000n\000t\000r\000o\000d\000u\000c\000t\000i\000o\000n}{}% 7
\BOOKMARK [0][-]{chapter.2}{\376\377\0002\000\040\000L\000i\000t\000e\000r\000a\000t\000u\000r\000e\000\040\000R\000e\000v\000i\000e\000w}{}% 8
\BOOKMARK [1][-]{section.2.1}{\376\377\0002\000.\0001\000\040\000E\000c\000o\000n\000o\000m\000i\000s\000t\000'\000s\000\040\000P\000e\000r\000s\000p\000e\000c\000t\000i\000v\000e}{chapter.2}% 9
\BOOKMARK [2][-]{subsection.2.1.1}{\376\377\0002\000.\0001\000.\0001\000\040\000C\000o\000n\000s\000u\000m\000p\000t\000i\000o\000n\000-\000B\000a\000s\000e\000d\000\040\000M\000o\000d\000e\000l}{section.2.1}% 10
\BOOKMARK [2][-]{subsection.2.1.2}{\376\377\0002\000.\0001\000.\0002\000\040\000C\000a\000p\000i\000t\000a\000l\000\040\000A\000s\000s\000e\000t\000\040\000P\000r\000i\000c\000i\000n\000g\000\040\000M\000o\000d\000e\000l}{section.2.1}% 11
\BOOKMARK [2][-]{subsection.2.1.3}{\376\377\0002\000.\0001\000.\0003\000\040\000M\000u\000l\000t\000i\000-\000f\000a\000c\000t\000o\000r\000\040\000M\000o\000d\000e\000l\000s}{section.2.1}% 12
\BOOKMARK [2][-]{subsection.2.1.4}{\376\377\0002\000.\0001\000.\0004\000\040\000A\000r\000b\000i\000t\000r\000a\000g\000e\000\040\000P\000r\000i\000c\000i\000n\000g\000\040\000T\000h\000e\000o\000r\000y}{section.2.1}% 13
\BOOKMARK [1][-]{section.2.2}{\376\377\0002\000.\0002\000\040\000S\000t\000a\000t\000i\000s\000t\000i\000c\000i\000a\000n\000'\000s\000\040\000P\000e\000r\000s\000p\000e\000c\000t\000i\000v\000e}{chapter.2}% 14
\BOOKMARK [1][-]{section.2.3}{\376\377\0002\000.\0003\000\040\000M\000a\000c\000h\000i\000n\000e\000\040\000L\000e\000a\000r\000n\000i\000n\000g\000\040\000P\000e\000r\000s\000p\000e\000c\000t\000i\000v\000e}{chapter.2}% 15
\BOOKMARK [1][-]{section.2.4}{\376\377\0002\000.\0004\000\040\000I\000n\000t\000e\000r\000p\000r\000e\000t\000a\000b\000l\000e\000\040\000M\000a\000c\000h\000i\000n\000e\000\040\000L\000e\000a\000r\000n\000i\000n\000g}{chapter.2}% 16
\BOOKMARK [2][-]{subsection.2.4.1}{\376\377\0002\000.\0004\000.\0001\000\040\000G\000l\000o\000b\000a\000l\000\040\000F\000e\000a\000t\000u\000r\000e\000\040\000I\000m\000p\000o\000r\000t\000a\000n\000c\000e\000\040\000M\000e\000a\000s\000u\000r\000e\000s}{section.2.4}% 17
\BOOKMARK [2][-]{subsection.2.4.2}{\376\377\0002\000.\0004\000.\0002\000\040\000S\000h\000a\000p\000l\000e\000y\000\040\000V\000a\000l\000u\000e\000s}{section.2.4}% 18
\BOOKMARK [2][-]{subsection.2.4.3}{\376\377\0002\000.\0004\000.\0003\000\040\000A\000c\000c\000u\000m\000u\000l\000a\000t\000e\000d\000\040\000L\000o\000c\000a\000l\000\040\000E\000f\000f\000e\000c\000t\000s}{section.2.4}% 19
\BOOKMARK [1][-]{section.2.5}{\376\377\0002\000.\0005\000\040\000U\000n\000u\000s\000e\000d\000\040\000t\000e\000x\000t}{chapter.2}% 20
\BOOKMARK [0][-]{chapter.3}{\376\377\0003\000\040\000D\000a\000t\000a\000\040\000a\000n\000d\000\040\000M\000e\000t\000h\000o\000d\000o\000l\000o\000g\000y}{}% 21
\BOOKMARK [1][-]{section.3.1}{\376\377\0003\000.\0001\000\040\000D\000a\000t\000a}{chapter.3}% 22
\BOOKMARK [1][-]{section.3.2}{\376\377\0003\000.\0002\000\040\000M\000e\000t\000h\000o\000d\000o\000l\000o\000g\000y}{chapter.3}% 23
\BOOKMARK [2][-]{subsection.3.2.1}{\376\377\0003\000.\0002\000.\0001\000\040\000A\000r\000c\000h\000i\000t\000e\000c\000t\000u\000r\000e\000\040\000o\000f\000\040\000t\000h\000e\000\040\000N\000e\000u\000r\000a\000l\000\040\000N\000e\000t\000w\000o\000r\000k\000s}{section.3.2}% 24
\BOOKMARK [2][-]{subsection.3.2.2}{\376\377\0003\000.\0002\000.\0002\000\040\000T\000r\000a\000i\000n\000i\000n\000g\000,\000\040\000R\000e\000g\000u\000l\000a\000r\000i\000z\000a\000t\000i\000o\000n\000\040\000a\000n\000d\000\040\000H\000y\000p\000e\000r\000p\000a\000r\000a\000m\000e\000t\000e\000r\000\040\000T\000u\000n\000i\000n\000g}{section.3.2}% 25
\BOOKMARK [2][-]{subsection.3.2.3}{\376\377\0003\000.\0002\000.\0003\000\040\000P\000e\000r\000f\000o\000r\000m\000a\000n\000c\000e\000\040\000E\000v\000a\000l\000u\000a\000t\000i\000o\000n}{section.3.2}% 26
\BOOKMARK [2][-]{subsection.3.2.4}{\376\377\0003\000.\0002\000.\0004\000\040\000I\000n\000t\000e\000r\000p\000r\000e\000t\000a\000t\000i\000o\000n}{section.3.2}% 27
\BOOKMARK [0][-]{chapter.4}{\376\377\0004\000\040\000R\000e\000s\000u\000l\000t\000s}{}% 28
\BOOKMARK [0][-]{chapter.5}{\376\377\0005\000\040\000C\000o\000n\000c\000l\000u\000s\000i\000o\000n}{}% 29
\BOOKMARK [0][-]{chapter*.32}{\376\377\000B\000i\000b\000l\000i\000o\000g\000r\000a\000p\000h\000y}{}% 30
\BOOKMARK [0][-]{appendix.A}{\376\377\000A\000\040\000T\000i\000t\000l\000e\000\040\000o\000f\000\040\000A\000p\000p\000e\000n\000d\000i\000x\000\040\000A}{}% 31
\BOOKMARK [0][-]{appendix.B}{\376\377\000B\000\040\000I\000n\000t\000e\000r\000n\000e\000t\000\040\000A\000p\000p\000e\000n\000d\000i\000x}{}% 32
